2025-12-14 01:42:49.667 +01:00 [INF] Executed DbCommand (170ms) [Parameters=[], CommandType='"Text"', CommandTimeout='60']
CREATE DATABASE [DebugDojoDb];
2025-12-14 01:42:49.773 +01:00 [INF] Executed DbCommand (64ms) [Parameters=[], CommandType='"Text"', CommandTimeout='60']
IF SERVERPROPERTY('EngineEdition') <> 5
BEGIN
    ALTER DATABASE [DebugDojoDb] SET READ_COMMITTED_SNAPSHOT ON;
END;
2025-12-14 01:42:49.794 +01:00 [INF] Executed DbCommand (6ms) [Parameters=[], CommandType='"Text"', CommandTimeout='30']
SELECT 1
2025-12-14 01:42:49.838 +01:00 [INF] Executed DbCommand (5ms) [Parameters=[], CommandType='"Text"', CommandTimeout='30']
CREATE TABLE [__EFMigrationsHistory] (
    [MigrationId] nvarchar(150) NOT NULL,
    [ProductVersion] nvarchar(32) NOT NULL,
    CONSTRAINT [PK___EFMigrationsHistory] PRIMARY KEY ([MigrationId])
);
2025-12-14 01:42:49.841 +01:00 [INF] Executed DbCommand (1ms) [Parameters=[], CommandType='"Text"', CommandTimeout='30']
SELECT 1
2025-12-14 01:42:49.851 +01:00 [INF] Executed DbCommand (9ms) [Parameters=[], CommandType='"Text"', CommandTimeout='30']
SELECT OBJECT_ID(N'[__EFMigrationsHistory]');
2025-12-14 01:42:49.857 +01:00 [INF] Executed DbCommand (3ms) [Parameters=[], CommandType='"Text"', CommandTimeout='30']
SELECT [MigrationId], [ProductVersion]
FROM [__EFMigrationsHistory]
ORDER BY [MigrationId];
2025-12-14 01:42:49.869 +01:00 [INF] Applying migration '20251214004242_InitialCreate'.
2025-12-14 01:42:49.898 +01:00 [INF] Executed DbCommand (3ms) [Parameters=[], CommandType='"Text"', CommandTimeout='30']
CREATE TABLE [Users] (
    [Id] uniqueidentifier NOT NULL,
    [Email] nvarchar(200) NOT NULL,
    [PasswordHash] nvarchar(500) NOT NULL,
    [CreatedAtUtc] datetime2 NOT NULL,
    CONSTRAINT [PK_Users] PRIMARY KEY ([Id])
);
2025-12-14 01:42:49.901 +01:00 [INF] Executed DbCommand (2ms) [Parameters=[], CommandType='"Text"', CommandTimeout='30']
CREATE TABLE [WorkItems] (
    [Id] uniqueidentifier NOT NULL,
    [OwnerUserId] uniqueidentifier NOT NULL,
    [Title] nvarchar(200) NOT NULL,
    [Description] nvarchar(2000) NULL,
    [Status] nvarchar(50) NOT NULL,
    [Priority] nvarchar(50) NOT NULL,
    [DueDateUtc] datetime2 NULL,
    [CreatedAtUtc] datetime2 NOT NULL,
    [UpdatedAtUtc] datetime2 NOT NULL,
    [IsDeleted] bit NOT NULL,
    [RowVersion] rowversion NOT NULL,
    CONSTRAINT [PK_WorkItems] PRIMARY KEY ([Id]),
    CONSTRAINT [FK_WorkItems_Users_OwnerUserId] FOREIGN KEY ([OwnerUserId]) REFERENCES [Users] ([Id]) ON DELETE CASCADE
);
2025-12-14 01:42:49.903 +01:00 [INF] Executed DbCommand (2ms) [Parameters=[], CommandType='"Text"', CommandTimeout='30']
CREATE UNIQUE INDEX [IX_Users_Email] ON [Users] ([Email]);
2025-12-14 01:42:49.905 +01:00 [INF] Executed DbCommand (1ms) [Parameters=[], CommandType='"Text"', CommandTimeout='30']
CREATE INDEX [IX_WorkItems_OwnerUserId] ON [WorkItems] ([OwnerUserId]);
2025-12-14 01:42:49.907 +01:00 [INF] Executed DbCommand (2ms) [Parameters=[], CommandType='"Text"', CommandTimeout='30']
INSERT INTO [__EFMigrationsHistory] ([MigrationId], [ProductVersion])
VALUES (N'20251214004242_InitialCreate', N'8.0.19');
2025-12-14 02:04:21.293 +01:00 [INF] User profile is available. Using 'C:\Users\JORDI\AppData\Local\ASP.NET\DataProtection-Keys' as key repository and Windows DPAPI to encrypt keys at rest.
2025-12-14 02:04:21.408 +01:00 [INF] Creating key {ea0ad77b-3648-48d4-bb48-d764c9100999} with creation date 2025-12-14 01:04:21Z, activation date 2025-12-14 01:04:21Z, and expiration date 2026-03-14 01:04:21Z.
2025-12-14 02:04:21.418 +01:00 [INF] Writing data to file 'C:\Users\JORDI\AppData\Local\ASP.NET\DataProtection-Keys\key-ea0ad77b-3648-48d4-bb48-d764c9100999.xml'.
2025-12-14 02:04:21.732 +01:00 [INF] Now listening on: https://localhost:7252
2025-12-14 02:04:21.733 +01:00 [INF] Now listening on: http://localhost:5258
2025-12-14 02:04:21.932 +01:00 [INF] Application started. Press Ctrl+C to shut down.
2025-12-14 02:04:21.934 +01:00 [INF] Hosting environment: Development
2025-12-14 02:04:21.935 +01:00 [INF] Content root path: C:\Users\JORDI\OneDrive\Escriptori\Github\API.DebugDojo\API.DebugDojo.Api
2025-12-14 02:04:22.933 +01:00 [INF] Request starting HTTP/2 GET https://localhost:7252/swagger - null null
2025-12-14 02:04:23.235 +01:00 [INF] HTTP GET /swagger responded 301 in 10.0257 ms
2025-12-14 02:04:23.246 +01:00 [INF] Request finished HTTP/2 GET https://localhost:7252/swagger - 301 0 null 332.8045ms
2025-12-14 02:04:23.259 +01:00 [INF] Request starting HTTP/2 GET https://localhost:7252/swagger/index.html - null null
2025-12-14 02:04:23.377 +01:00 [INF] HTTP GET /swagger/index.html responded 200 in 105.6596 ms
2025-12-14 02:04:23.382 +01:00 [INF] Request finished HTTP/2 GET https://localhost:7252/swagger/index.html - 200 null text/html;charset=utf-8 122.048ms
2025-12-14 02:04:23.398 +01:00 [INF] Request starting HTTP/2 GET https://localhost:7252/swagger/swagger-ui.css - null null
2025-12-14 02:04:23.399 +01:00 [INF] Request starting HTTP/2 GET https://localhost:7252/swagger/swagger-ui-standalone-preset.js - null null
2025-12-14 02:04:23.399 +01:00 [INF] Request starting HTTP/2 GET https://localhost:7252/swagger/swagger-ui-bundle.js - null null
2025-12-14 02:04:23.480 +01:00 [INF] Request starting HTTP/2 GET https://localhost:7252/_vs/browserLink - null null
2025-12-14 02:04:23.480 +01:00 [INF] Request starting HTTP/2 GET https://localhost:7252/_framework/aspnetcore-browser-refresh.js - null null
2025-12-14 02:04:23.560 +01:00 [INF] Request finished HTTP/2 GET https://localhost:7252/_framework/aspnetcore-browser-refresh.js - 200 16519 application/javascript; charset=utf-8 79.507ms
2025-12-14 02:04:23.574 +01:00 [INF] Sending file. Request path: '/swagger-ui.css'. Physical path: 'N/A'
2025-12-14 02:04:23.574 +01:00 [INF] Sending file. Request path: '/swagger-ui-standalone-preset.js'. Physical path: 'N/A'
2025-12-14 02:04:23.583 +01:00 [INF] HTTP GET /swagger/swagger-ui-standalone-preset.js responded 200 in 176.0577 ms
2025-12-14 02:04:23.583 +01:00 [INF] HTTP GET /swagger/swagger-ui.css responded 200 in 178.6050 ms
2025-12-14 02:04:23.591 +01:00 [INF] Request finished HTTP/2 GET https://localhost:7252/swagger/swagger-ui-standalone-preset.js - 200 230280 text/javascript 192.6651ms
2025-12-14 02:04:23.596 +01:00 [INF] Request finished HTTP/2 GET https://localhost:7252/swagger/swagger-ui.css - 200 152034 text/css 197.7757ms
2025-12-14 02:04:23.614 +01:00 [INF] Sending file. Request path: '/swagger-ui-bundle.js'. Physical path: 'N/A'
2025-12-14 02:04:23.617 +01:00 [INF] HTTP GET /swagger/swagger-ui-bundle.js responded 200 in 206.4044 ms
2025-12-14 02:04:23.620 +01:00 [INF] Request finished HTTP/2 GET https://localhost:7252/swagger/swagger-ui-bundle.js - 200 1456926 text/javascript 221.8539ms
2025-12-14 02:04:23.681 +01:00 [INF] Request finished HTTP/2 GET https://localhost:7252/_vs/browserLink - 200 null text/javascript; charset=UTF-8 201.9591ms
2025-12-14 02:04:23.877 +01:00 [INF] Request starting HTTP/2 GET https://localhost:7252/swagger/v1/swagger.json - null null
2025-12-14 02:04:23.944 +01:00 [INF] HTTP GET /swagger/v1/swagger.json responded 200 in 48.8419 ms
2025-12-14 02:04:23.950 +01:00 [INF] Request finished HTTP/2 GET https://localhost:7252/swagger/v1/swagger.json - 200 null application/json;charset=utf-8 73.2957ms
2025-12-14 02:04:24.052 +01:00 [INF] Request starting HTTP/2 GET https://localhost:7252/swagger/favicon-32x32.png - null null
2025-12-14 02:04:24.059 +01:00 [INF] Sending file. Request path: '/favicon-32x32.png'. Physical path: 'N/A'
2025-12-14 02:04:24.063 +01:00 [INF] HTTP GET /swagger/favicon-32x32.png responded 200 in 6.2168 ms
2025-12-14 02:04:24.069 +01:00 [INF] Request finished HTTP/2 GET https://localhost:7252/swagger/favicon-32x32.png - 200 628 image/png 16.8265ms
2025-12-14 10:53:57.018 +01:00 [INF] User profile is available. Using 'C:\Users\JORDI\AppData\Local\ASP.NET\DataProtection-Keys' as key repository and Windows DPAPI to encrypt keys at rest.
2025-12-14 10:53:57.820 +01:00 [INF] Now listening on: https://localhost:7252
2025-12-14 10:53:57.825 +01:00 [INF] Now listening on: http://localhost:5258
2025-12-14 10:53:57.988 +01:00 [INF] Application started. Press Ctrl+C to shut down.
2025-12-14 10:53:57.991 +01:00 [INF] Hosting environment: Development
2025-12-14 10:53:57.994 +01:00 [INF] Content root path: C:\Users\JORDI\OneDrive\Escriptori\Github\API.DebugDojo\API.DebugDojo.Api
2025-12-14 10:53:59.609 +01:00 [INF] Request starting HTTP/2 GET https://localhost:7252/swagger/index.html - null null
2025-12-14 10:54:00.532 +01:00 [INF] HTTP GET /swagger/index.html responded 200 in 288.8281 ms
2025-12-14 10:54:00.552 +01:00 [INF] Request starting HTTP/2 GET https://localhost:7252/_framework/aspnetcore-browser-refresh.js - null null
2025-12-14 10:54:00.563 +01:00 [INF] Request finished HTTP/2 GET https://localhost:7252/swagger/index.html - 200 null text/html;charset=utf-8 984.8556ms
2025-12-14 10:54:00.588 +01:00 [INF] Request finished HTTP/2 GET https://localhost:7252/_framework/aspnetcore-browser-refresh.js - 200 16519 application/javascript; charset=utf-8 37.4057ms
2025-12-14 10:54:00.640 +01:00 [INF] Request starting HTTP/2 GET https://localhost:7252/_vs/browserLink - null null
2025-12-14 10:54:00.823 +01:00 [INF] Request finished HTTP/2 GET https://localhost:7252/_vs/browserLink - 200 null text/javascript; charset=UTF-8 184.3188ms
2025-12-14 10:54:00.910 +01:00 [INF] Request starting HTTP/2 GET https://localhost:7252/swagger/v1/swagger.json - null null
2025-12-14 10:54:00.977 +01:00 [INF] HTTP GET /swagger/v1/swagger.json responded 200 in 56.9349 ms
2025-12-14 10:54:00.989 +01:00 [INF] Request finished HTTP/2 GET https://localhost:7252/swagger/v1/swagger.json - 200 null application/json;charset=utf-8 78.482ms
2025-12-14 10:54:59.109 +01:00 [INF] User profile is available. Using 'C:\Users\JORDI\AppData\Local\ASP.NET\DataProtection-Keys' as key repository and Windows DPAPI to encrypt keys at rest.
2025-12-14 10:55:00.281 +01:00 [INF] Now listening on: https://localhost:7252
2025-12-14 10:55:00.286 +01:00 [INF] Now listening on: http://localhost:5258
2025-12-14 10:55:00.763 +01:00 [INF] Application started. Press Ctrl+C to shut down.
2025-12-14 10:55:00.768 +01:00 [INF] Hosting environment: Development
2025-12-14 10:55:00.773 +01:00 [INF] Content root path: C:\Users\JORDI\OneDrive\Escriptori\Github\API.DebugDojo\API.DebugDojo.Api
2025-12-14 10:55:01.526 +01:00 [INF] Request starting HTTP/2 GET https://localhost:7252/swagger/index.html - null null
2025-12-14 10:55:02.356 +01:00 [INF] HTTP GET /swagger/index.html responded 200 in 302.8413 ms
2025-12-14 10:55:02.381 +01:00 [INF] Request finished HTTP/2 GET https://localhost:7252/swagger/index.html - 200 null text/html;charset=utf-8 886.4016ms
2025-12-14 10:55:02.484 +01:00 [INF] Request starting HTTP/2 GET https://localhost:7252/_vs/browserLink - null null
2025-12-14 10:55:02.485 +01:00 [INF] Request starting HTTP/2 GET https://localhost:7252/_framework/aspnetcore-browser-refresh.js - null null
2025-12-14 10:55:02.523 +01:00 [INF] Request finished HTTP/2 GET https://localhost:7252/_framework/aspnetcore-browser-refresh.js - 200 16519 application/javascript; charset=utf-8 35.8517ms
2025-12-14 10:55:02.680 +01:00 [INF] Request finished HTTP/2 GET https://localhost:7252/_vs/browserLink - 200 null text/javascript; charset=UTF-8 196.3349ms
2025-12-14 10:55:02.739 +01:00 [INF] Request starting HTTP/2 GET https://localhost:7252/swagger/v1/swagger.json - null null
2025-12-14 10:55:02.801 +01:00 [INF] HTTP GET /swagger/v1/swagger.json responded 200 in 52.0143 ms
2025-12-14 10:55:02.822 +01:00 [INF] Request finished HTTP/2 GET https://localhost:7252/swagger/v1/swagger.json - 200 null application/json;charset=utf-8 83.3167ms
2025-12-14 10:55:26.418 +01:00 [INF] Request starting HTTP/2 GET https://localhost:7252/swagger/index.html - null null
2025-12-14 10:55:26.465 +01:00 [INF] HTTP GET /swagger/index.html responded 200 in 16.4466 ms
2025-12-14 10:55:26.498 +01:00 [INF] Request finished HTTP/2 GET https://localhost:7252/swagger/index.html - 200 null text/html;charset=utf-8 80.8111ms
2025-12-14 10:55:26.531 +01:00 [INF] Request starting HTTP/2 GET https://localhost:7252/_framework/aspnetcore-browser-refresh.js - null null
2025-12-14 10:55:26.545 +01:00 [INF] Request finished HTTP/2 GET https://localhost:7252/_framework/aspnetcore-browser-refresh.js - 200 16519 application/javascript; charset=utf-8 14.634ms
2025-12-14 10:55:26.580 +01:00 [INF] Request starting HTTP/2 GET https://localhost:7252/_vs/browserLink - null null
2025-12-14 10:55:26.640 +01:00 [INF] Request finished HTTP/2 GET https://localhost:7252/_vs/browserLink - 200 null text/javascript; charset=UTF-8 60.607ms
2025-12-14 10:55:26.777 +01:00 [INF] Request starting HTTP/2 GET https://localhost:7252/swagger/v1/swagger.json - null null
2025-12-14 10:55:26.828 +01:00 [INF] HTTP GET /swagger/v1/swagger.json responded 200 in 41.3061 ms
2025-12-14 10:55:26.836 +01:00 [INF] Request finished HTTP/2 GET https://localhost:7252/swagger/v1/swagger.json - 200 null application/json;charset=utf-8 58.9039ms
2025-12-14 11:16:21.886 +01:00 [INF] User profile is available. Using 'C:\Users\JORDI\AppData\Local\ASP.NET\DataProtection-Keys' as key repository and Windows DPAPI to encrypt keys at rest.
2025-12-14 11:16:23.171 +01:00 [INF] Now listening on: https://localhost:7252
2025-12-14 11:16:23.177 +01:00 [INF] Now listening on: http://localhost:5258
2025-12-14 11:16:23.519 +01:00 [INF] Application started. Press Ctrl+C to shut down.
2025-12-14 11:16:23.524 +01:00 [INF] Hosting environment: Development
2025-12-14 11:16:23.527 +01:00 [INF] Content root path: C:\Users\JORDI\OneDrive\Escriptori\Github\API.DebugDojo\API.DebugDojo.Api
2025-12-14 11:16:24.215 +01:00 [INF] Request starting HTTP/2 GET https://localhost:7252/swagger/index.html - null null
2025-12-14 11:30:40.190 +01:00 [INF] User profile is available. Using 'C:\Users\JORDI\AppData\Local\ASP.NET\DataProtection-Keys' as key repository and Windows DPAPI to encrypt keys at rest.
2025-12-14 11:30:41.139 +01:00 [INF] Now listening on: https://localhost:7252
2025-12-14 11:30:41.145 +01:00 [INF] Now listening on: http://localhost:5258
2025-12-14 11:30:41.573 +01:00 [INF] Application started. Press Ctrl+C to shut down.
2025-12-14 11:30:41.577 +01:00 [INF] Hosting environment: Development
2025-12-14 11:30:41.582 +01:00 [INF] Content root path: C:\Users\JORDI\OneDrive\Escriptori\Github\API.DebugDojo\API.DebugDojo.Api
2025-12-14 11:30:41.694 +01:00 [INF] Request starting HTTP/2 GET https://localhost:7252/swagger/index.html - null null
2025-12-14 11:31:27.054 +01:00 [INF] User profile is available. Using 'C:\Users\JORDI\AppData\Local\ASP.NET\DataProtection-Keys' as key repository and Windows DPAPI to encrypt keys at rest.
2025-12-14 11:31:27.955 +01:00 [INF] Now listening on: https://localhost:7252
2025-12-14 11:31:27.960 +01:00 [INF] Now listening on: http://localhost:5258
2025-12-14 11:31:28.394 +01:00 [INF] Application started. Press Ctrl+C to shut down.
2025-12-14 11:31:28.400 +01:00 [INF] Hosting environment: Development
2025-12-14 11:31:28.404 +01:00 [INF] Content root path: C:\Users\JORDI\OneDrive\Escriptori\Github\API.DebugDojo\API.DebugDojo.Api
2025-12-14 11:31:28.526 +01:00 [INF] Request starting HTTP/2 GET https://localhost:7252/swagger/index.html - null null
2025-12-14 11:31:40.946 +01:00 [INF] Request starting HTTP/2 GET https://localhost:7252/_vs/browserLink - null null
2025-12-14 11:31:40.946 +01:00 [INF] Request starting HTTP/2 GET https://localhost:7252/_framework/aspnetcore-browser-refresh.js - null null
2025-12-14 11:31:42.308 +01:00 [INF] HTTP GET /swagger/index.html responded 200 in 13280.3392 ms
2025-12-14 11:31:42.334 +01:00 [INF] Request finished HTTP/2 GET https://localhost:7252/_framework/aspnetcore-browser-refresh.js - 200 16519 application/javascript; charset=utf-8 1375.6639ms
2025-12-14 11:31:42.342 +01:00 [INF] Request finished HTTP/2 GET https://localhost:7252/swagger/index.html - 200 null text/html;charset=utf-8 13851.8273ms
2025-12-14 11:31:42.445 +01:00 [INF] Request finished HTTP/2 GET https://localhost:7252/_vs/browserLink - 200 null text/javascript; charset=UTF-8 1498.9238ms
2025-12-14 11:31:42.606 +01:00 [INF] Request starting HTTP/2 GET https://localhost:7252/swagger/v1/swagger.json - null null
2025-12-14 11:31:47.029 +01:00 [INF] HTTP GET /swagger/v1/swagger.json responded 200 in 4408.3582 ms
2025-12-14 11:31:47.040 +01:00 [INF] Request finished HTTP/2 GET https://localhost:7252/swagger/v1/swagger.json - 200 null application/json;charset=utf-8 4435.178ms
2025-12-14 11:33:11.608 +01:00 [INF] Request starting HTTP/2 POST https://localhost:7252/api/auth/register - application/json 66
2025-12-14 11:33:32.230 +01:00 [INF] Executing endpoint 'API.DebugDojo.Api.Controllers.AuthController.Register (API.DebugDojo.Api)'
2025-12-14 11:33:32.331 +01:00 [INF] Route matched with {action = "Register", controller = "Auth"}. Executing controller action with signature System.Threading.Tasks.Task`1[Microsoft.AspNetCore.Mvc.ActionResult`1[API.DebugDojo.Application.Contracts.AuthResponse]] Register(API.DebugDojo.Application.Contracts.RegisterRequest, System.Threading.CancellationToken) on controller API.DebugDojo.Api.Controllers.AuthController (API.DebugDojo.Api).
2025-12-14 11:33:51.722 +01:00 [INF] Executed DbCommand (217ms) [Parameters=[@__email_0='?' (Size = 200)], CommandType='"Text"', CommandTimeout='30']
SELECT CASE
    WHEN EXISTS (
        SELECT 1
        FROM [Users] AS [u]
        WHERE [u].[Email] = @__email_0) THEN CAST(1 AS bit)
    ELSE CAST(0 AS bit)
END
2025-12-14 11:34:00.099 +01:00 [INF] Executed DbCommand (15ms) [Parameters=[@p0='?' (DbType = Guid), @p1='?' (DbType = DateTime2), @p2='?' (Size = 200), @p3='?' (Size = 500)], CommandType='"Text"', CommandTimeout='30']
SET IMPLICIT_TRANSACTIONS OFF;
SET NOCOUNT ON;
INSERT INTO [Users] ([Id], [CreatedAtUtc], [Email], [PasswordHash])
VALUES (@p0, @p1, @p2, @p3);
2025-12-14 11:34:03.978 +01:00 [INF] Executing OkObjectResult, writing value of type 'API.DebugDojo.Application.Contracts.AuthResponse'.
2025-12-14 11:34:04.019 +01:00 [INF] Executed action API.DebugDojo.Api.Controllers.AuthController.Register (API.DebugDojo.Api) in 31668.9765ms
2025-12-14 11:34:04.028 +01:00 [INF] Executed endpoint 'API.DebugDojo.Api.Controllers.AuthController.Register (API.DebugDojo.Api)'
2025-12-14 11:34:04.036 +01:00 [INF] HTTP POST /api/auth/register responded 200 in 52389.7605 ms
2025-12-14 11:34:04.060 +01:00 [INF] Request finished HTTP/2 POST https://localhost:7252/api/auth/register - 200 null application/json; charset=utf-8 52452.81ms
2025-12-14 11:36:40.691 +01:00 [INF] Request starting HTTP/2 POST https://localhost:7252/api/auth/login - application/json 58
2025-12-14 11:36:51.157 +01:00 [INF] Executing endpoint 'API.DebugDojo.Api.Controllers.AuthController.Login (API.DebugDojo.Api)'
2025-12-14 11:36:51.177 +01:00 [INF] Route matched with {action = "Login", controller = "Auth"}. Executing controller action with signature System.Threading.Tasks.Task`1[Microsoft.AspNetCore.Mvc.ActionResult`1[API.DebugDojo.Application.Contracts.AuthResponse]] Login(API.DebugDojo.Application.Contracts.LoginRequest, System.Threading.CancellationToken) on controller API.DebugDojo.Api.Controllers.AuthController (API.DebugDojo.Api).
2025-12-14 11:36:51.239 +01:00 [INF] Executing BadRequestObjectResult, writing value of type 'Microsoft.AspNetCore.Mvc.ValidationProblemDetails'.
2025-12-14 11:36:51.319 +01:00 [INF] Executed action API.DebugDojo.Api.Controllers.AuthController.Login (API.DebugDojo.Api) in 134.8972ms
2025-12-14 11:36:51.335 +01:00 [INF] Executed endpoint 'API.DebugDojo.Api.Controllers.AuthController.Login (API.DebugDojo.Api)'
2025-12-14 11:36:56.762 +01:00 [INF] HTTP POST /api/auth/login responded 400 in 16043.5508 ms
2025-12-14 11:36:56.768 +01:00 [INF] Request finished HTTP/2 POST https://localhost:7252/api/auth/login - 400 null application/problem+json; charset=utf-8 16080.0259ms
2025-12-14 11:37:17.660 +01:00 [INF] Request starting HTTP/2 POST https://localhost:7252/api/auth/login - application/json 629
2025-12-14 11:37:25.472 +01:00 [INF] Executing endpoint 'API.DebugDojo.Api.Controllers.AuthController.Login (API.DebugDojo.Api)'
2025-12-14 11:37:25.476 +01:00 [INF] Route matched with {action = "Login", controller = "Auth"}. Executing controller action with signature System.Threading.Tasks.Task`1[Microsoft.AspNetCore.Mvc.ActionResult`1[API.DebugDojo.Application.Contracts.AuthResponse]] Login(API.DebugDojo.Application.Contracts.LoginRequest, System.Threading.CancellationToken) on controller API.DebugDojo.Api.Controllers.AuthController (API.DebugDojo.Api).
2025-12-14 11:37:25.492 +01:00 [INF] Executing BadRequestObjectResult, writing value of type 'Microsoft.AspNetCore.Mvc.ValidationProblemDetails'.
2025-12-14 11:37:25.494 +01:00 [INF] Executed action API.DebugDojo.Api.Controllers.AuthController.Login (API.DebugDojo.Api) in 14.4605ms
2025-12-14 11:37:25.499 +01:00 [INF] Executed endpoint 'API.DebugDojo.Api.Controllers.AuthController.Login (API.DebugDojo.Api)'
2025-12-14 11:37:27.494 +01:00 [INF] HTTP POST /api/auth/login responded 400 in 9811.6877 ms
2025-12-14 11:37:27.500 +01:00 [INF] Request finished HTTP/2 POST https://localhost:7252/api/auth/login - 400 null application/problem+json; charset=utf-8 9840.4406ms
2025-12-14 11:38:08.322 +01:00 [INF] Request starting HTTP/2 POST https://localhost:7252/api/auth/login - application/json 66
2025-12-14 11:38:12.053 +01:00 [INF] Executing endpoint 'API.DebugDojo.Api.Controllers.AuthController.Login (API.DebugDojo.Api)'
2025-12-14 11:38:12.057 +01:00 [INF] Route matched with {action = "Login", controller = "Auth"}. Executing controller action with signature System.Threading.Tasks.Task`1[Microsoft.AspNetCore.Mvc.ActionResult`1[API.DebugDojo.Application.Contracts.AuthResponse]] Login(API.DebugDojo.Application.Contracts.LoginRequest, System.Threading.CancellationToken) on controller API.DebugDojo.Api.Controllers.AuthController (API.DebugDojo.Api).
2025-12-14 11:38:12.330 +01:00 [INF] Executed DbCommand (6ms) [Parameters=[@__email_0='?' (Size = 200)], CommandType='"Text"', CommandTimeout='30']
SELECT TOP(2) [u].[Id], [u].[CreatedAtUtc], [u].[Email], [u].[PasswordHash]
FROM [Users] AS [u]
WHERE [u].[Email] = @__email_0
2025-12-14 11:38:45.357 +01:00 [INF] Executing OkObjectResult, writing value of type 'API.DebugDojo.Application.Contracts.AuthResponse'.
2025-12-14 11:38:45.365 +01:00 [INF] Executed action API.DebugDojo.Api.Controllers.AuthController.Login (API.DebugDojo.Api) in 33303.4344ms
2025-12-14 11:38:45.374 +01:00 [INF] Executed endpoint 'API.DebugDojo.Api.Controllers.AuthController.Login (API.DebugDojo.Api)'
2025-12-14 11:38:48.274 +01:00 [INF] HTTP POST /api/auth/login responded 200 in 39918.8716 ms
2025-12-14 11:38:48.284 +01:00 [INF] Request finished HTTP/2 POST https://localhost:7252/api/auth/login - 200 null application/json; charset=utf-8 39964.1105ms
2025-12-14 11:40:21.492 +01:00 [INF] Request starting HTTP/2 GET https://localhost:7252/api/me - null null
2025-12-14 11:40:32.343 +01:00 [INF] Failed to validate the token.
System.ArgumentException: IDX14102: Unable to decode the header '[PII of type 'Microsoft.IdentityModel.Logging.SecurityArtifact' is hidden. For more details, see https://aka.ms/IdentityModel/PII.]' as Base64Url encoded string.
 ---> System.FormatException: IDX10400: Unable to decode: '[PII of type 'System.String' is hidden. For more details, see https://aka.ms/IdentityModel/PII.]' as Base64url encoded string.
   at Microsoft.IdentityModel.Tokens.Base64UrlEncoder.Decode(ReadOnlySpan`1 strSpan, Span`1 output, Boolean needReplace, Int32 decodedLength)
   at Microsoft.IdentityModel.Tokens.Base64UrlEncoder.Decode(ReadOnlySpan`1 strSpan, Span`1 output)
   at Microsoft.IdentityModel.JsonWebTokens.JsonWebToken.CreateClaimSet(ReadOnlySpan`1 strSpan, Int32 startIndex, Int32 length, Boolean createHeaderClaimSet)
   at Microsoft.IdentityModel.JsonWebTokens.JsonWebToken.ReadToken(ReadOnlyMemory`1 encodedTokenMemory)
   --- End of inner exception stack trace ---
   at Microsoft.IdentityModel.JsonWebTokens.JsonWebToken.ReadToken(ReadOnlyMemory`1 encodedTokenMemory)
   at Microsoft.IdentityModel.JsonWebTokens.JsonWebToken..ctor(String jwtEncodedString, TryReadJwtClaim tryReadJwtClaim)
   at Microsoft.IdentityModel.JsonWebTokens.JsonWebTokenHandler.ReadToken(String token, TokenValidationParameters validationParameters)
2025-12-14 11:40:32.440 +01:00 [INF] Bearer was not authenticated. Failure message: IDX14102: Unable to decode the header '[PII of type 'Microsoft.IdentityModel.Logging.SecurityArtifact' is hidden. For more details, see https://aka.ms/IdentityModel/PII.]' as Base64Url encoded string.
2025-12-14 11:40:32.456 +01:00 [INF] Authorization failed. These requirements were not met:
DenyAnonymousAuthorizationRequirement: Requires an authenticated user.
2025-12-14 11:40:32.470 +01:00 [INF] AuthenticationScheme: Bearer was challenged.
2025-12-14 11:40:35.538 +01:00 [INF] HTTP GET /api/me responded 401 in 14015.3913 ms
2025-12-14 11:40:35.549 +01:00 [INF] Request finished HTTP/2 GET https://localhost:7252/api/me - 401 0 null 14056.8737ms
2025-12-14 11:41:54.999 +01:00 [INF] Request starting HTTP/2 GET https://localhost:7252/api/me - null null
2025-12-14 11:41:57.442 +01:00 [INF] Executing endpoint 'API.DebugDojo.Api.Controllers.MeController.Get (API.DebugDojo.Api)'
2025-12-14 11:41:57.450 +01:00 [INF] Route matched with {action = "Get", controller = "Me"}. Executing controller action with signature Microsoft.AspNetCore.Mvc.IActionResult Get() on controller API.DebugDojo.Api.Controllers.MeController (API.DebugDojo.Api).
2025-12-14 11:41:57.464 +01:00 [INF] Executing OkObjectResult, writing value of type '<>f__AnonymousType0`2[[System.Guid, System.Private.CoreLib, Version=8.0.0.0, Culture=neutral, PublicKeyToken=7cec85d7bea7798e],[System.String, System.Private.CoreLib, Version=8.0.0.0, Culture=neutral, PublicKeyToken=7cec85d7bea7798e]]'.
2025-12-14 11:41:57.490 +01:00 [INF] Executed action API.DebugDojo.Api.Controllers.MeController.Get (API.DebugDojo.Api) in 31.1397ms
2025-12-14 11:41:57.513 +01:00 [INF] Executed endpoint 'API.DebugDojo.Api.Controllers.MeController.Get (API.DebugDojo.Api)'
2025-12-14 11:41:58.536 +01:00 [INF] HTTP GET /api/me responded 200 in 3502.1957 ms
2025-12-14 11:41:58.542 +01:00 [INF] Request finished HTTP/2 GET https://localhost:7252/api/me - 200 null application/json; charset=utf-8 3544.7944ms
2025-12-14 11:50:25.166 +01:00 [INF] User profile is available. Using 'C:\Users\JORDI\AppData\Local\ASP.NET\DataProtection-Keys' as key repository and Windows DPAPI to encrypt keys at rest.
2025-12-14 11:50:26.077 +01:00 [INF] Now listening on: https://localhost:7252
2025-12-14 11:50:26.088 +01:00 [INF] Now listening on: http://localhost:5258
2025-12-14 11:50:26.882 +01:00 [INF] Application started. Press Ctrl+C to shut down.
2025-12-14 11:50:26.888 +01:00 [INF] Hosting environment: Development
2025-12-14 11:50:26.892 +01:00 [INF] Content root path: C:\Users\JORDI\OneDrive\Escriptori\Github\API.DebugDojo\API.DebugDojo.Api
2025-12-14 11:50:27.215 +01:00 [INF] Request starting HTTP/2 GET https://localhost:7252/swagger/index.html - null null
2025-12-14 11:50:48.290 +01:00 [INF] Request starting HTTP/2 GET https://localhost:7252/_framework/aspnetcore-browser-refresh.js - null null
2025-12-14 11:50:48.302 +01:00 [INF] Request starting HTTP/2 GET https://localhost:7252/_vs/browserLink - null null
2025-12-14 11:50:48.317 +01:00 [INF] HTTP GET /swagger/index.html responded 200 in 20497.1524 ms
2025-12-14 11:50:48.338 +01:00 [INF] Request finished HTTP/2 GET https://localhost:7252/_framework/aspnetcore-browser-refresh.js - 200 16519 application/javascript; charset=utf-8 44.1125ms
2025-12-14 11:50:48.340 +01:00 [INF] Request finished HTTP/2 GET https://localhost:7252/swagger/index.html - 200 null text/html;charset=utf-8 21158.4609ms
2025-12-14 11:50:48.578 +01:00 [INF] Request finished HTTP/2 GET https://localhost:7252/_vs/browserLink - 200 null text/javascript; charset=UTF-8 287.9592ms
2025-12-14 11:50:48.713 +01:00 [INF] Request starting HTTP/2 GET https://localhost:7252/swagger/v1/swagger.json - null null
2025-12-14 11:50:51.844 +01:00 [INF] HTTP GET /swagger/v1/swagger.json responded 200 in 3119.7670 ms
2025-12-14 11:50:51.851 +01:00 [INF] Request finished HTTP/2 GET https://localhost:7252/swagger/v1/swagger.json - 200 null application/json;charset=utf-8 3139.6283ms
2025-12-14 11:52:26.886 +01:00 [INF] Request starting HTTP/2 POST https://localhost:7252/api/auth/register - application/json 57
2025-12-14 11:52:38.937 +01:00 [INF] Executing endpoint 'API.DebugDojo.Api.Controllers.AuthController.Register (API.DebugDojo.Api)'
2025-12-14 11:52:39.024 +01:00 [INF] Route matched with {action = "Register", controller = "Auth"}. Executing controller action with signature System.Threading.Tasks.Task`1[Microsoft.AspNetCore.Mvc.ActionResult`1[API.DebugDojo.Application.Contracts.AuthResponse]] Register(API.DebugDojo.Application.Contracts.RegisterRequest, System.Threading.CancellationToken) on controller API.DebugDojo.Api.Controllers.AuthController (API.DebugDojo.Api).
2025-12-14 11:52:39.649 +01:00 [INF] Executing BadRequestObjectResult, writing value of type 'Microsoft.AspNetCore.Mvc.ValidationProblemDetails'.
2025-12-14 11:52:39.739 +01:00 [INF] Executed action API.DebugDojo.Api.Controllers.AuthController.Register (API.DebugDojo.Api) in 695.4313ms
2025-12-14 11:52:39.748 +01:00 [INF] Executed endpoint 'API.DebugDojo.Api.Controllers.AuthController.Register (API.DebugDojo.Api)'
2025-12-14 11:52:42.492 +01:00 [INF] HTTP POST /api/auth/register responded 400 in 15575.9119 ms
2025-12-14 11:52:42.504 +01:00 [INF] Request finished HTTP/2 POST https://localhost:7252/api/auth/register - 400 null application/problem+json; charset=utf-8 15618.1983ms
2025-12-14 11:54:31.822 +01:00 [INF] Request starting HTTP/2 POST https://localhost:7252/api/auth/register - application/json 62
2025-12-14 11:54:40.025 +01:00 [INF] Executing endpoint 'API.DebugDojo.Api.Controllers.AuthController.Register (API.DebugDojo.Api)'
2025-12-14 11:54:40.029 +01:00 [INF] Route matched with {action = "Register", controller = "Auth"}. Executing controller action with signature System.Threading.Tasks.Task`1[Microsoft.AspNetCore.Mvc.ActionResult`1[API.DebugDojo.Application.Contracts.AuthResponse]] Register(API.DebugDojo.Application.Contracts.RegisterRequest, System.Threading.CancellationToken) on controller API.DebugDojo.Api.Controllers.AuthController (API.DebugDojo.Api).
2025-12-14 11:54:55.545 +01:00 [INF] Executed DbCommand (133ms) [Parameters=[@__email_0='?' (Size = 200)], CommandType='"Text"', CommandTimeout='30']
SELECT CASE
    WHEN EXISTS (
        SELECT 1
        FROM [Users] AS [u]
        WHERE [u].[Email] = @__email_0) THEN CAST(1 AS bit)
    ELSE CAST(0 AS bit)
END
2025-12-14 11:55:00.283 +01:00 [INF] Executed DbCommand (10ms) [Parameters=[@p0='?' (DbType = Guid), @p1='?' (DbType = DateTime2), @p2='?' (Size = 200), @p3='?' (Size = 500)], CommandType='"Text"', CommandTimeout='30']
SET IMPLICIT_TRANSACTIONS OFF;
SET NOCOUNT ON;
INSERT INTO [Users] ([Id], [CreatedAtUtc], [Email], [PasswordHash])
VALUES (@p0, @p1, @p2, @p3);
2025-12-14 11:55:07.333 +01:00 [INF] Executing OkObjectResult, writing value of type 'API.DebugDojo.Application.Contracts.AuthResponse'.
2025-12-14 11:55:07.354 +01:00 [INF] Executed action API.DebugDojo.Api.Controllers.AuthController.Register (API.DebugDojo.Api) in 27318.7011ms
2025-12-14 11:55:07.363 +01:00 [INF] Executed endpoint 'API.DebugDojo.Api.Controllers.AuthController.Register (API.DebugDojo.Api)'
2025-12-14 11:55:07.373 +01:00 [INF] HTTP POST /api/auth/register responded 200 in 35522.7338 ms
2025-12-14 11:55:07.399 +01:00 [INF] Request finished HTTP/2 POST https://localhost:7252/api/auth/register - 200 null application/json; charset=utf-8 35583.9761ms
2025-12-14 11:56:48.029 +01:00 [INF] Request starting HTTP/2 POST https://localhost:7252/api/auth/register - application/json 63
2025-12-14 11:56:55.707 +01:00 [INF] Executing endpoint 'API.DebugDojo.Api.Controllers.AuthController.Register (API.DebugDojo.Api)'
2025-12-14 11:56:55.711 +01:00 [INF] Route matched with {action = "Register", controller = "Auth"}. Executing controller action with signature System.Threading.Tasks.Task`1[Microsoft.AspNetCore.Mvc.ActionResult`1[API.DebugDojo.Application.Contracts.AuthResponse]] Register(API.DebugDojo.Application.Contracts.RegisterRequest, System.Threading.CancellationToken) on controller API.DebugDojo.Api.Controllers.AuthController (API.DebugDojo.Api).
2025-12-14 11:56:55.885 +01:00 [INF] Executed DbCommand (5ms) [Parameters=[@__email_0='?' (Size = 200)], CommandType='"Text"', CommandTimeout='30']
SELECT CASE
    WHEN EXISTS (
        SELECT 1
        FROM [Users] AS [u]
        WHERE [u].[Email] = @__email_0) THEN CAST(1 AS bit)
    ELSE CAST(0 AS bit)
END
2025-12-14 11:56:56.274 +01:00 [INF] Executed DbCommand (6ms) [Parameters=[@p0='?' (DbType = Guid), @p1='?' (DbType = DateTime2), @p2='?' (Size = 200), @p3='?' (Size = 500)], CommandType='"Text"', CommandTimeout='30']
SET IMPLICIT_TRANSACTIONS OFF;
SET NOCOUNT ON;
INSERT INTO [Users] ([Id], [CreatedAtUtc], [Email], [PasswordHash])
VALUES (@p0, @p1, @p2, @p3);
2025-12-14 11:56:56.287 +01:00 [INF] Executing OkObjectResult, writing value of type 'API.DebugDojo.Application.Contracts.AuthResponse'.
2025-12-14 11:56:56.295 +01:00 [INF] Executed action API.DebugDojo.Api.Controllers.AuthController.Register (API.DebugDojo.Api) in 575.7354ms
2025-12-14 11:56:56.300 +01:00 [INF] Executed endpoint 'API.DebugDojo.Api.Controllers.AuthController.Register (API.DebugDojo.Api)'
2025-12-14 11:56:57.978 +01:00 [INF] HTTP POST /api/auth/register responded 200 in 9935.3365 ms
2025-12-14 11:56:57.983 +01:00 [INF] Request finished HTTP/2 POST https://localhost:7252/api/auth/register - 200 null application/json; charset=utf-8 9954.602ms
2025-12-14 20:40:52.475 +01:00 [INF] User profile is available. Using 'C:\Users\JORDI\AppData\Local\ASP.NET\DataProtection-Keys' as key repository and Windows DPAPI to encrypt keys at rest.
2025-12-14 20:40:52.853 +01:00 [INF] Now listening on: https://localhost:7252
2025-12-14 20:40:52.854 +01:00 [INF] Now listening on: http://localhost:5258
2025-12-14 20:40:52.930 +01:00 [INF] Application started. Press Ctrl+C to shut down.
2025-12-14 20:40:52.931 +01:00 [INF] Hosting environment: Development
2025-12-14 20:40:52.932 +01:00 [INF] Content root path: C:\Users\JORDI\OneDrive\Escriptori\Github\API.DebugDojo\API.DebugDojo.Api
2025-12-14 20:40:53.812 +01:00 [INF] Request starting HTTP/2 GET https://localhost:7252/swagger/index.html - null null
2025-12-14 20:40:54.262 +01:00 [INF] HTTP GET /swagger/index.html responded 200 in 109.7967 ms
2025-12-14 20:40:54.283 +01:00 [INF] Request finished HTTP/2 GET https://localhost:7252/swagger/index.html - 200 null text/html;charset=utf-8 483.6823ms
2025-12-14 20:40:54.290 +01:00 [INF] Request starting HTTP/2 GET https://localhost:7252/_framework/aspnetcore-browser-refresh.js - null null
2025-12-14 20:40:54.305 +01:00 [INF] Request finished HTTP/2 GET https://localhost:7252/_framework/aspnetcore-browser-refresh.js - 200 16519 application/javascript; charset=utf-8 15.2482ms
2025-12-14 20:40:54.344 +01:00 [INF] Request starting HTTP/2 GET https://localhost:7252/_vs/browserLink - null null
2025-12-14 20:40:54.519 +01:00 [INF] Request finished HTTP/2 GET https://localhost:7252/_vs/browserLink - 200 null text/javascript; charset=UTF-8 175.8518ms
2025-12-14 20:40:54.693 +01:00 [INF] Request starting HTTP/2 GET https://localhost:7252/swagger/v1/swagger.json - null null
2025-12-14 20:40:54.770 +01:00 [INF] HTTP GET /swagger/v1/swagger.json responded 200 in 71.1316 ms
2025-12-14 20:40:54.776 +01:00 [INF] Request finished HTTP/2 GET https://localhost:7252/swagger/v1/swagger.json - 200 null application/json;charset=utf-8 83.5953ms
2025-12-14 20:43:39.712 +01:00 [INF] User profile is available. Using 'C:\Users\JORDI\AppData\Local\ASP.NET\DataProtection-Keys' as key repository and Windows DPAPI to encrypt keys at rest.
2025-12-14 20:43:39.975 +01:00 [INF] Now listening on: https://localhost:7252
2025-12-14 20:43:39.977 +01:00 [INF] Now listening on: http://localhost:5258
2025-12-14 20:43:40.146 +01:00 [INF] Application started. Press Ctrl+C to shut down.
2025-12-14 20:43:40.147 +01:00 [INF] Hosting environment: Development
2025-12-14 20:43:40.149 +01:00 [INF] Content root path: C:\Users\JORDI\OneDrive\Escriptori\Github\API.DebugDojo\API.DebugDojo.Api
2025-12-14 20:43:40.569 +01:00 [INF] Request starting HTTP/2 GET https://localhost:7252/swagger/index.html - null null
2025-12-14 20:43:40.946 +01:00 [INF] HTTP GET /swagger/index.html responded 200 in 110.2881 ms
2025-12-14 20:43:40.955 +01:00 [INF] Request finished HTTP/2 GET https://localhost:7252/swagger/index.html - 200 null text/html;charset=utf-8 415.3802ms
2025-12-14 20:43:41.042 +01:00 [INF] Request starting HTTP/2 GET https://localhost:7252/_vs/browserLink - null null
2025-12-14 20:43:41.042 +01:00 [INF] Request starting HTTP/2 GET https://localhost:7252/_framework/aspnetcore-browser-refresh.js - null null
2025-12-14 20:43:41.058 +01:00 [INF] Request finished HTTP/2 GET https://localhost:7252/_framework/aspnetcore-browser-refresh.js - 200 16519 application/javascript; charset=utf-8 15.8124ms
2025-12-14 20:43:41.095 +01:00 [INF] Request finished HTTP/2 GET https://localhost:7252/_vs/browserLink - 200 null text/javascript; charset=UTF-8 53.382ms
2025-12-14 20:43:41.164 +01:00 [INF] Request starting HTTP/2 GET https://localhost:7252/swagger/v1/swagger.json - null null
2025-12-14 20:43:41.191 +01:00 [INF] HTTP GET /swagger/v1/swagger.json responded 200 in 22.1193 ms
2025-12-14 20:43:41.199 +01:00 [INF] Request finished HTTP/2 GET https://localhost:7252/swagger/v1/swagger.json - 200 null application/json;charset=utf-8 35.2837ms
2025-12-14 20:44:00.898 +01:00 [INF] Request starting HTTP/2 POST https://localhost:7252/api/auth/register - application/json 60
2025-12-14 20:44:00.976 +01:00 [INF] Executing endpoint 'API.DebugDojo.Api.Controllers.AuthController.Register (API.DebugDojo.Api)'
2025-12-14 20:44:01.002 +01:00 [INF] Route matched with {action = "Register", controller = "Auth"}. Executing controller action with signature System.Threading.Tasks.Task`1[Microsoft.AspNetCore.Mvc.ActionResult`1[API.DebugDojo.Application.Contracts.AuthResponse]] Register(API.DebugDojo.Application.Contracts.RegisterRequest, System.Threading.CancellationToken) on controller API.DebugDojo.Api.Controllers.AuthController (API.DebugDojo.Api).
2025-12-14 20:44:03.826 +01:00 [INF] Executed DbCommand (54ms) [Parameters=[@__email_0='?' (Size = 200)], CommandType='"Text"', CommandTimeout='30']
SELECT CASE
    WHEN EXISTS (
        SELECT 1
        FROM [Users] AS [u]
        WHERE [u].[Email] = @__email_0) THEN CAST(1 AS bit)
    ELSE CAST(0 AS bit)
END
2025-12-14 20:44:04.077 +01:00 [INF] Executed DbCommand (4ms) [Parameters=[@p0='?' (DbType = Guid), @p1='?' (DbType = DateTime2), @p2='?' (Size = 200), @p3='?' (Size = 500)], CommandType='"Text"', CommandTimeout='30']
SET IMPLICIT_TRANSACTIONS OFF;
SET NOCOUNT ON;
INSERT INTO [Users] ([Id], [CreatedAtUtc], [Email], [PasswordHash])
VALUES (@p0, @p1, @p2, @p3);
2025-12-14 20:44:04.112 +01:00 [INF] Executing OkObjectResult, writing value of type 'API.DebugDojo.Application.Contracts.AuthResponse'.
2025-12-14 20:44:04.124 +01:00 [INF] Executed action API.DebugDojo.Api.Controllers.AuthController.Register (API.DebugDojo.Api) in 3116.0109ms
2025-12-14 20:44:04.126 +01:00 [INF] Executed endpoint 'API.DebugDojo.Api.Controllers.AuthController.Register (API.DebugDojo.Api)'
2025-12-14 20:44:04.127 +01:00 [INF] HTTP POST /api/auth/register responded 200 in 3221.2423 ms
2025-12-14 20:44:04.133 +01:00 [INF] Request finished HTTP/2 POST https://localhost:7252/api/auth/register - 200 null application/json; charset=utf-8 3234.5722ms
2025-12-14 20:44:28.298 +01:00 [INF] Request starting HTTP/2 POST https://localhost:7252/api/auth/login - application/json 60
2025-12-14 20:44:28.303 +01:00 [INF] Executing endpoint 'API.DebugDojo.Api.Controllers.AuthController.Login (API.DebugDojo.Api)'
2025-12-14 20:44:28.308 +01:00 [INF] Route matched with {action = "Login", controller = "Auth"}. Executing controller action with signature System.Threading.Tasks.Task`1[Microsoft.AspNetCore.Mvc.ActionResult`1[API.DebugDojo.Application.Contracts.AuthResponse]] Login(API.DebugDojo.Application.Contracts.LoginRequest, System.Threading.CancellationToken) on controller API.DebugDojo.Api.Controllers.AuthController (API.DebugDojo.Api).
2025-12-14 20:44:28.385 +01:00 [INF] Executed DbCommand (2ms) [Parameters=[@__email_0='?' (Size = 200)], CommandType='"Text"', CommandTimeout='30']
SELECT TOP(2) [u].[Id], [u].[CreatedAtUtc], [u].[Email], [u].[PasswordHash]
FROM [Users] AS [u]
WHERE [u].[Email] = @__email_0
2025-12-14 20:44:28.469 +01:00 [INF] Executing OkObjectResult, writing value of type 'API.DebugDojo.Application.Contracts.AuthResponse'.
2025-12-14 20:44:28.471 +01:00 [INF] Executed action API.DebugDojo.Api.Controllers.AuthController.Login (API.DebugDojo.Api) in 160.9134ms
2025-12-14 20:44:28.472 +01:00 [INF] Executed endpoint 'API.DebugDojo.Api.Controllers.AuthController.Login (API.DebugDojo.Api)'
2025-12-14 20:44:28.473 +01:00 [INF] HTTP POST /api/auth/login responded 200 in 171.2175 ms
2025-12-14 20:44:28.475 +01:00 [INF] Request finished HTTP/2 POST https://localhost:7252/api/auth/login - 200 null application/json; charset=utf-8 178.2018ms
2025-12-14 20:45:03.299 +01:00 [INF] Request starting HTTP/2 POST https://localhost:7252/api/workitems - application/json 118
2025-12-14 20:45:03.371 +01:00 [INF] Executing endpoint 'API.DebugDojo.Api.Controllers.WorkItemsController.Create (API.DebugDojo.Api)'
2025-12-14 20:45:03.375 +01:00 [INF] Route matched with {action = "Create", controller = "WorkItems"}. Executing controller action with signature System.Threading.Tasks.Task`1[Microsoft.AspNetCore.Mvc.ActionResult`1[API.DebugDojo.Application.Contracts.WorkItemResponse]] Create(API.DebugDojo.Application.Contracts.WorkItemCreateRequest, System.Threading.CancellationToken) on controller API.DebugDojo.Api.Controllers.WorkItemsController (API.DebugDojo.Api).
2025-12-14 20:45:03.443 +01:00 [INF] Executed DbCommand (4ms) [Parameters=[@p0='?' (DbType = Guid), @p1='?' (DbType = DateTime2), @p2='?' (Size = 2000), @p3='?' (DbType = DateTime2), @p4='?' (DbType = Boolean), @p5='?' (DbType = Guid), @p6='?' (Size = 50), @p7='?' (Size = 50), @p8='?' (Size = 200), @p9='?' (DbType = DateTime2)], CommandType='"Text"', CommandTimeout='30']
SET IMPLICIT_TRANSACTIONS OFF;
SET NOCOUNT ON;
INSERT INTO [WorkItems] ([Id], [CreatedAtUtc], [Description], [DueDateUtc], [IsDeleted], [OwnerUserId], [Priority], [Status], [Title], [UpdatedAtUtc])
OUTPUT INSERTED.[RowVersion]
VALUES (@p0, @p1, @p2, @p3, @p4, @p5, @p6, @p7, @p8, @p9);
2025-12-14 20:45:03.475 +01:00 [INF] Executed DbCommand (2ms) [Parameters=[@__id_0='?' (DbType = Guid), @___current_UserId_1='?' (DbType = Guid)], CommandType='"Text"', CommandTimeout='30']
SELECT TOP(2) [w].[Id], [w].[CreatedAtUtc], [w].[Description], [w].[DueDateUtc], [w].[IsDeleted], [w].[OwnerUserId], [w].[Priority], [w].[RowVersion], [w].[Status], [w].[Title], [w].[UpdatedAtUtc]
FROM [WorkItems] AS [w]
WHERE [w].[IsDeleted] = CAST(0 AS bit) AND [w].[Id] = @__id_0 AND [w].[OwnerUserId] = @___current_UserId_1
2025-12-14 20:45:03.481 +01:00 [INF] Executing CreatedAtActionResult, writing value of type 'API.DebugDojo.Application.Contracts.WorkItemResponse'.
2025-12-14 20:45:03.509 +01:00 [INF] Executed action API.DebugDojo.Api.Controllers.WorkItemsController.Create (API.DebugDojo.Api) in 131.8376ms
2025-12-14 20:45:03.511 +01:00 [INF] Executed endpoint 'API.DebugDojo.Api.Controllers.WorkItemsController.Create (API.DebugDojo.Api)'
2025-12-14 20:45:03.512 +01:00 [INF] HTTP POST /api/workitems responded 201 in 201.1262 ms
2025-12-14 20:45:03.514 +01:00 [INF] Request finished HTTP/2 POST https://localhost:7252/api/workitems - 201 null application/json; charset=utf-8 215.7172ms
2025-12-14 20:45:48.399 +01:00 [INF] Request starting HTTP/2 GET https://localhost:7252/api/workitems - null null
2025-12-14 20:45:48.409 +01:00 [INF] Executing endpoint 'API.DebugDojo.Api.Controllers.WorkItemsController.List (API.DebugDojo.Api)'
2025-12-14 20:45:48.416 +01:00 [INF] Route matched with {action = "List", controller = "WorkItems"}. Executing controller action with signature System.Threading.Tasks.Task`1[Microsoft.AspNetCore.Mvc.ActionResult`1[API.DebugDojo.Application.Contracts.PagedResponse`1[API.DebugDojo.Application.Contracts.WorkItemResponse]]] List(API.DebugDojo.Application.Contracts.WorkItemQuery, System.Threading.CancellationToken) on controller API.DebugDojo.Api.Controllers.WorkItemsController (API.DebugDojo.Api).
2025-12-14 20:45:48.473 +01:00 [INF] Executed DbCommand (6ms) [Parameters=[@___current_UserId_0='?' (DbType = Guid)], CommandType='"Text"', CommandTimeout='30']
SELECT COUNT(*)
FROM [WorkItems] AS [w]
WHERE [w].[IsDeleted] = CAST(0 AS bit) AND [w].[OwnerUserId] = @___current_UserId_0
2025-12-14 20:45:48.488 +01:00 [INF] Executed DbCommand (2ms) [Parameters=[@___current_UserId_0='?' (DbType = Guid), @__p_1='?' (DbType = Int32), @__p_2='?' (DbType = Int32)], CommandType='"Text"', CommandTimeout='30']
SELECT [w].[Id], [w].[CreatedAtUtc], [w].[Description], [w].[DueDateUtc], [w].[IsDeleted], [w].[OwnerUserId], [w].[Priority], [w].[RowVersion], [w].[Status], [w].[Title], [w].[UpdatedAtUtc]
FROM [WorkItems] AS [w]
WHERE [w].[IsDeleted] = CAST(0 AS bit) AND [w].[OwnerUserId] = @___current_UserId_0
ORDER BY [w].[CreatedAtUtc] DESC
OFFSET @__p_1 ROWS FETCH NEXT @__p_2 ROWS ONLY
2025-12-14 20:45:48.491 +01:00 [INF] Executing OkObjectResult, writing value of type 'API.DebugDojo.Application.Contracts.PagedResponse`1[[API.DebugDojo.Application.Contracts.WorkItemResponse, API.DebugDojo.Application, Version=1.0.0.0, Culture=neutral, PublicKeyToken=null]]'.
2025-12-14 20:45:48.494 +01:00 [INF] Executed action API.DebugDojo.Api.Controllers.WorkItemsController.List (API.DebugDojo.Api) in 74.9116ms
2025-12-14 20:45:48.496 +01:00 [INF] Executed endpoint 'API.DebugDojo.Api.Controllers.WorkItemsController.List (API.DebugDojo.Api)'
2025-12-14 20:45:48.497 +01:00 [INF] HTTP GET /api/workitems responded 200 in 89.5902 ms
2025-12-14 20:45:48.499 +01:00 [INF] Request finished HTTP/2 GET https://localhost:7252/api/workitems - 200 null application/json; charset=utf-8 100.1159ms
